Using pre-set license
Built from '2020.2/staging' branch; Version is '2020.2.7f1 (c53830e277f1) revision 12924976'; Using compiler version '192528614'; Build Type 'Release'
OS: 'Windows 10 Enterprise; OS build 18363.1443; Version 1909; 64bit' Language: 'en' Physical Memory: 16332 MB
BatchMode: 1, IsHumanControllingUs: 0, StartBugReporterOnCrash: 0, Is64bit: 1, IsPro: 0

 COMMAND LINE ARGUMENTS:
C:\Program Files\Unity\Hub\Editor\2020.2.7f1\Editor\Unity.exe
-adb2
-batchMode
-noUpm
-name
AssetImportWorker0
-projectPath
D:/Adam Jones/JamWorks/BowlingJam
-logFile
Logs/AssetImportWorker0.log
-srvPort
53101
Successfully changed project path to: D:/Adam Jones/JamWorks/BowlingJam
D:/Adam Jones/JamWorks/BowlingJam
Using Asset Import Pipeline V2.
Refreshing native plugins compatible for Editor in 19.84 ms, found 0 plugins.
Preloading 0 native plugins for Editor in 0.00 ms.
Initialize engine version: 2020.2.7f1 (c53830e277f1)
[Subsystems] Discovering subsystems at path C:/Program Files/Unity/Hub/Editor/2020.2.7f1/Editor/Data/Resources/UnitySubsystems
[Subsystems] Discovering subsystems at path D:/Adam Jones/JamWorks/BowlingJam/Assets
GfxDevice: creating device client; threaded=0
Direct3D:
    Version:  Direct3D 11.0 [level 11.1]
    Renderer: NVIDIA GeForce GTX 1660 (ID=0x2184)
    Vendor:   
    VRAM:     5991 MB
    Driver:   27.21.14.5167
Initialize mono
Mono path[0] = 'C:/Program Files/Unity/Hub/Editor/2020.2.7f1/Editor/Data/Managed'
Mono path[1] = 'C:/Program Files/Unity/Hub/Editor/2020.2.7f1/Editor/Data/MonoBleedingEdge/lib/mono/unityjit'
Mono config path = 'C:/Program Files/Unity/Hub/Editor/2020.2.7f1/Editor/Data/MonoBleedingEdge/etc'
Using monoOptions --debugger-agent=transport=dt_socket,embedding=1,server=y,suspend=n,address=127.0.0.1:56760
Begin MonoManager ReloadAssembly
Registering precompiled unity dll's ...
Register platform support module: C:/Program Files/Unity/Hub/Editor/2020.2.7f1/Editor/Data/PlaybackEngines/WindowsStandaloneSupport/UnityEditor.WindowsStandalone.Extensions.dll
Registered in 0.001167 seconds.
Native extension for WindowsStandalone target not found
Refreshing native plugins compatible for Editor in 19.55 ms, found 0 plugins.
Preloading 0 native plugins for Editor in 0.00 ms.
Invoked RoslynAnalysisRunner static constructor.
RoslynAnalysisRunner will not be running.
RoslynAnalysisRunner has terminated.
Mono: successfully reloaded assembly
- Completed reload, in  0.846 seconds
Platform modules already initialized, skipping
Registering precompiled user dll's ...
Registered in 0.000743 seconds.
Begin MonoManager ReloadAssembly
Native extension for WindowsStandalone target not found
Refreshing native plugins compatible for Editor in 0.18 ms, found 0 plugins.
Preloading 0 native plugins for Editor in 0.00 ms.
Invoked RoslynAnalysisRunner static constructor.
RoslynAnalysisRunner will not be running.
RoslynAnalysisRunner has terminated.
Mono: successfully reloaded assembly
- Completed reload, in  0.709 seconds
Platform modules already initialized, skipping
========================================================================
Worker process is ready to serve import requests
Launched and connected shader compiler UnityShaderCompiler.exe after 0.04 seconds
Refreshing native plugins compatible for Editor in 0.18 ms, found 0 plugins.
Preloading 0 native plugins for Editor in 0.00 ms.
Unloading 1113 Unused Serialized files (Serialized files now loaded: 0)
System memory in use before: 56.9 MB.
System memory in use after: 56.9 MB.

Unloading 10 unused Assets to reduce memory usage. Loaded Objects now: 1555.
Total: 5.075200 ms (FindLiveObjects: 0.337600 ms CreateObjectMapping: 0.135100 ms MarkObjects: 4.379100 ms  DeleteObjects: 0.220400 ms)

========================================================================
Received Import Request.
  path: Assets/Scenes
  artifactKey: Guid(34c9446d27738b444a53c6d7722b0569) Importer(815301076,1909f56bfc062723c751e8b465ee728b)
Start importing Assets/Scenes using Guid(34c9446d27738b444a53c6d7722b0569) Importer(815301076,1909f56bfc062723c751e8b465ee728b)  -> (artifact id: 'de4926e71920381cea9b2ac9cae10667') in 0.015320 seconds
  Import took 0.025900 seconds .

========================================================================
Received Import Request.
  Time since last request: 7.093260 seconds.
  path: Assets/Scenes/Main.unity
  artifactKey: Guid(54ab7ed3f0ae9714482d617c112d6b48) Importer(815301076,1909f56bfc062723c751e8b465ee728b)
Start importing Assets/Scenes/Main.unity using Guid(54ab7ed3f0ae9714482d617c112d6b48) Importer(815301076,1909f56bfc062723c751e8b465ee728b)  -> (artifact id: 'a98e7ea254b2b8459c181c56ed7011d8') in 0.011288 seconds
  Import took 0.013358 seconds .

========================================================================
Received Import Request.
  Time since last request: 96.793597 seconds.
  path: Assets
  artifactKey: Guid(00000000000000001000000000000000) Importer(815301076,1909f56bfc062723c751e8b465ee728b)
Start importing Assets using Guid(00000000000000001000000000000000) Importer(815301076,1909f56bfc062723c751e8b465ee728b)  -> (artifact id: 'f89434ac489deb914593f829e0a47671') in 0.006546 seconds
  Import took 0.022986 seconds .

========================================================================
Received Import Request.
  Time since last request: 3.972799 seconds.
  path: Assets/Code
  artifactKey: Guid(a1688a78d831668458a0caaeb5341280) Importer(815301076,1909f56bfc062723c751e8b465ee728b)
Start importing Assets/Code using Guid(a1688a78d831668458a0caaeb5341280) Importer(815301076,1909f56bfc062723c751e8b465ee728b)  -> (artifact id: '95fc351862ba5658614f28a765decf54') in 0.004487 seconds
  Import took 0.006608 seconds .

========================================================================
Received Import Request.
  Time since last request: 0.000574 seconds.
  path: Assets/Code
  artifactKey: Guid(a1688a78d831668458a0caaeb5341280) Importer(815301076,1909f56bfc062723c751e8b465ee728b)
Start importing Assets/Code using Guid(a1688a78d831668458a0caaeb5341280) Importer(815301076,1909f56bfc062723c751e8b465ee728b)  -> (artifact id: '95fc351862ba5658614f28a765decf54') in 0.004004 seconds
  Import took 0.005895 seconds .

========================================================================
Received Import Request.
  Time since last request: 6.086967 seconds.
  path: Assets/Assets
  artifactKey: Guid(a51a5a5781c700b42bbf7c28e2183acc) Importer(815301076,1909f56bfc062723c751e8b465ee728b)
Start importing Assets/Assets using Guid(a51a5a5781c700b42bbf7c28e2183acc) Importer(815301076,1909f56bfc062723c751e8b465ee728b)  -> (artifact id: '5f94389e5f536c7ed6f248faaa6b7ac8') in 0.004329 seconds
  Import took 0.016892 seconds .

========================================================================
Received Import Request.
  Time since last request: 4.955903 seconds.
  path: Assets/Assets/Models
  artifactKey: Guid(8f2be11ddcbe16f44b3bba99f83904f6) Importer(815301076,1909f56bfc062723c751e8b465ee728b)
Start importing Assets/Assets/Models using Guid(8f2be11ddcbe16f44b3bba99f83904f6) Importer(815301076,1909f56bfc062723c751e8b465ee728b)  -> (artifact id: '7b59d72062b114d8096b8e3d172a5bab') in 0.004743 seconds
  Import took 0.007031 seconds .

========================================================================
Received Import Request.
  Time since last request: 0.000676 seconds.
  path: Assets/Assets/Models
  artifactKey: Guid(8f2be11ddcbe16f44b3bba99f83904f6) Importer(815301076,1909f56bfc062723c751e8b465ee728b)
Start importing Assets/Assets/Models using Guid(8f2be11ddcbe16f44b3bba99f83904f6) Importer(815301076,1909f56bfc062723c751e8b465ee728b)  -> (artifact id: '7b59d72062b114d8096b8e3d172a5bab') in 0.004012 seconds
  Import took 0.006707 seconds .

